<?xml version="1.0" encoding="UTF-8"?>
<!-- Generated by org.testng.reporters.JUnitXMLReporter -->
<testsuite hostname="HYDPCM144977L" ignored="0" name="Test" tests="3" failures="0" timestamp="07 Sep 2019 11:13:16 GMT" time="139.447" errors="0">
  <testcase name="TC1" time="54.699" classname="SmokeTests.AddtoCartTest"/>
  <testcase name="TC1" time="34.129" classname="SmokeTests.ValidateCartTest"/>
  <testcase name="TC1" time="47.321" classname="SmokeTests.RemoveItemFromCartTest"/>
</testsuite> <!-- Test -->
